<?xml version="1.0" encoding="UTF-8"?>
<!-- Generated by org.testng.reporters.JUnitReportReporter -->
<testsuite hostname="MSI" failures="0" tests="1" name="Testcases.Railway.TimeTableTests" time="11.354" errors="0" timestamp="2025-04-25T01:32:59 ICT" skipped="0">
  <testcase classname="Testcases.Railway.TimeTableTests" name="TC15" time="11.354"/>
</testsuite> <!-- Testcases.Railway.TimeTableTests -->
