<?xml version="1.0" encoding="UTF-8"?>
<!-- Generated by org.testng.reporters.JUnitReportReporter -->
<testsuite hostname="MSI" failures="0" tests="2" name="Testcases.Railway.FogetPassWordTest" time="0.003" errors="0" timestamp="2025-04-25T01:32:59 ICT" skipped="0">
  <testcase classname="Testcases.Railway.FogetPassWordTest" name="TC13" time="0.002"/>
  <testcase classname="Testcases.Railway.FogetPassWordTest" name="TC12" time="0.001"/>
</testsuite> <!-- Testcases.Railway.FogetPassWordTest -->
